\BOOKMARK [0][-]{chapter.1}{\376\377\000I\000n\000t\000r\000o\000d\000u\000c\000t\000i\000o\000n}{}% 1
\BOOKMARK [1][-]{section.1.1}{\376\377\000R\000e\000p\000o\000r\000t\000\040\000S\000t\000r\000u\000c\000t\000u\000r\000e}{chapter.1}% 2
\BOOKMARK [0][-]{chapter.2}{\376\377\000B\000a\000c\000k\000g\000r\000o\000u\000n\000d}{}% 3
\BOOKMARK [1][-]{section.2.1}{\376\377\000P\000r\000o\000c\000e\000d\000u\000r\000a\000l\000\040\000G\000e\000n\000e\000r\000a\000t\000i\000o\000n\000:\000\040\000B\000a\000c\000k\000g\000r\000o\000u\000n\000d}{chapter.2}% 4
\BOOKMARK [1][-]{section.2.2}{\376\377\000J\000u\000s\000t\000i\000f\000y\000i\000n\000g\000\040\000M\000y\000\040\000C\000h\000o\000i\000c\000e\000\040\000o\000f\000\040\000E\000n\000g\000i\000n\000e\000:\000\040\000G\000o\000d\000o\000t}{chapter.2}% 5
\BOOKMARK [0][-]{chapter.3}{\376\377\000R\000e\000p\000o\000r\000t\000\040\000B\000o\000d\000y}{}% 6
\BOOKMARK [1][-]{section.3.1}{\376\377\000A\000l\000g\000o\000r\000i\000t\000h\000m\000s}{chapter.3}% 7
\BOOKMARK [0][-]{chapter.4}{\376\377\000D\000e\000s\000i\000g\000n\000\040\000\046\000\040\000S\000p\000e\000c\000i\000f\000i\000c\000a\000t\000i\000o\000n}{}% 8
\BOOKMARK [1][-]{section.4.1}{\376\377\000S\000e\000c\000t\000i\000o\000n\000\040\000H\000e\000a\000d\000i\000n\000g}{chapter.4}% 9
\BOOKMARK [0][-]{chapter.5}{\376\377\000I\000m\000p\000l\000e\000m\000e\000n\000t\000a\000t\000i\000o\000n}{}% 10
\BOOKMARK [1][-]{section.5.1}{\376\377\000S\000e\000c\000t\000i\000o\000n\000\040\000H\000e\000a\000d\000i\000n\000g}{chapter.5}% 11
\BOOKMARK [0][-]{chapter.6}{\376\377\000L\000e\000g\000a\000l\000,\000\040\000S\000o\000c\000i\000a\000l\000,\000\040\000E\000t\000h\000i\000c\000a\000l\000\040\000a\000n\000d\000\040\000P\000r\000o\000f\000e\000s\000s\000i\000o\000n\000a\000l\000\040\000I\000s\000s\000u\000e\000s}{}% 12
\BOOKMARK [1][-]{section.6.1}{\376\377\000S\000e\000c\000t\000i\000o\000n\000\040\000H\000e\000a\000d\000i\000n\000g}{chapter.6}% 13
\BOOKMARK [0][-]{chapter.7}{\376\377\000R\000e\000s\000u\000l\000t\000s\000/\000E\000v\000a\000l\000u\000a\000t\000i\000o\000n}{}% 14
\BOOKMARK [1][-]{section.7.1}{\376\377\000S\000o\000f\000t\000w\000a\000r\000e\000\040\000T\000e\000s\000t\000i\000n\000g}{chapter.7}% 15
\BOOKMARK [1][-]{section.7.2}{\376\377\000S\000e\000c\000t\000i\000o\000n\000\040\000H\000e\000a\000d\000i\000n\000g}{chapter.7}% 16
\BOOKMARK [0][-]{chapter.8}{\376\377\000C\000o\000n\000c\000l\000u\000s\000i\000o\000n\000\040\000a\000n\000d\000\040\000F\000u\000t\000u\000r\000e\000\040\000W\000o\000r\000k}{}% 17
\BOOKMARK [1][-]{chapter*.8}{\376\377\000B\000i\000b\000l\000i\000o\000g\000r\000a\000p\000h\000y}{chapter.8}% 18
\BOOKMARK [0][-]{appendix.A}{\376\377\000E\000x\000t\000r\000a\000\040\000I\000n\000f\000o\000r\000m\000a\000t\000i\000o\000n}{}% 19
\BOOKMARK [1][-]{section.A.1}{\376\377\000T\000a\000b\000l\000e\000s\000,\000\040\000p\000r\000o\000o\000f\000s\000,\000\040\000g\000r\000a\000p\000h\000s\000,\000\040\000t\000e\000s\000t\000\040\000c\000a\000s\000e\000s\000,\000\040\000.\000.\000.}{appendix.A}% 20
\BOOKMARK [0][-]{appendix.B}{\376\377\000U\000s\000e\000r\000\040\000G\000u\000i\000d\000e}{}% 21
\BOOKMARK [1][-]{section.B.1}{\376\377\000I\000n\000s\000t\000r\000u\000c\000t\000i\000o\000n\000s}{appendix.B}% 22
\BOOKMARK [0][-]{appendix.C}{\376\377\000S\000o\000u\000r\000c\000e\000\040\000C\000o\000d\000e}{}% 23
\BOOKMARK [1][-]{section.C.1}{\376\377\000I\000n\000s\000t\000r\000u\000c\000t\000i\000o\000n\000s}{appendix.C}% 24
